
*** src/matryoshka.rs:126:38: replace > with < in try_refine

*** mutation diff:
--- src/matryoshka.rs
+++ replace > with < in try_refine
@@ -118,17 +118,17 @@
         return Err(RefineError::InvalidHeadDims {
             head_dims,
             query_len: query.len(),
         });
     }
 
     let doc_map: HashMap<&I, &[f32]> = docs
         .iter()
-        .filter(|(_, emb)| emb.len() > head_dims)
+        .filter(|(_, emb)| emb.len() < /* ~ changed by cargo-mutants ~ */ head_dims)
         .map(|(id, emb)| (id, emb.as_slice()))
         .collect();
     let query_tail = &query[head_dims..];
     let alpha = config.alpha;
 
     let mut results: Vec<(I, f32)> = candidates
         .iter()
         .filter_map(|(id, orig)| {


*** /opt/homebrew/bin/cargo test --no-run --verbose --package=rank-refine@0.7.9
       Fresh unicode-ident v1.0.22
       Fresh cfg-if v1.0.4
       Fresh autocfg v1.5.0
       Fresh bitflags v2.10.0
       Fresh once_cell v1.21.3
       Fresh regex-syntax v0.8.8
       Fresh proc-macro2 v1.0.103
       Fresh either v1.15.0
       Fresh anstyle v1.0.13
       Fresh plotters-backend v0.3.7
       Fresh ryu v1.0.20
       Fresh itoa v1.0.15
       Fresh quote v1.0.42
       Fresh libc v0.2.177
       Fresh serde_core v1.0.228
       Fresh crossbeam-utils v0.8.21
       Fresh fastrand v2.3.0
       Fresh ciborium-io v0.2.2
       Fresh clap_lex v0.7.6
       Fresh memchr v2.7.6
       Fresh itertools v0.10.5
       Fresh plotters-svg v0.3.7
       Fresh regex-automata v0.4.13
       Fresh same-file v1.0.6
       Fresh quick-error v1.2.3
       Fresh fnv v1.0.7
       Fresh cast v0.3.0
       Fresh bit-vec v0.8.0
       Fresh syn v2.0.111
       Fresh getrandom v0.3.4
       Fresh errno v0.3.14
       Fresh crossbeam-epoch v0.9.18
       Fresh num-traits v0.2.19
       Fresh clap_builder v4.5.53
       Fresh serde_json v1.0.145
       Fresh wait-timeout v0.2.1
       Fresh is-terminal v0.4.17
       Fresh bit-set v0.8.0
       Fresh criterion-plot v0.5.0
       Fresh walkdir v2.5.0
       Fresh regex v1.12.2
       Fresh anes v0.1.6
       Fresh oorandom v11.1.5
       Fresh unarray v0.1.4
       Dirty rank-refine v0.7.9 (/private/var/folders/dt/jq9nqy8x2wd65h22qb9rptjr0000gn/T/cargo-mutants-rank-refine-q9Nsw0.tmp): the file `src/scoring.rs` has changed (1764195523.572503589s, 3s after last build at 1764195520.918245204s)
   Compiling rank-refine v0.7.9 (/private/var/folders/dt/jq9nqy8x2wd65h22qb9rptjr0000gn/T/cargo-mutants-rank-refine-q9Nsw0.tmp)
       Fresh zerocopy-derive v0.8.30
       Fresh rand_core v0.9.3
       Fresh serde_derive v1.0.228
       Fresh crossbeam-deque v0.8.6
       Fresh rustix v1.1.2
       Fresh clap v4.5.53
       Fresh plotters v0.3.7
       Fresh zerocopy v0.8.30
       Fresh serde v1.0.228
       Fresh rayon-core v1.13.0
       Fresh tempfile v3.23.0
       Fresh rand_xorshift v0.4.0
       Fresh rand v0.9.2
       Fresh half v2.7.1
       Fresh ppv-lite86 v0.2.21
       Fresh rusty-fork v0.3.1
       Fresh tinytemplate v1.2.1
       Fresh rayon v1.11.0
     Running `rustc --crate-name rank_refine --edition=2021 src/lib.rs --error-format=json --json=diagnostic-rendered-ansi,artifacts,future-incompat --crate-type lib --emit=dep-info,metadata,link -C embed-bitcode=no -C debuginfo=2 -C split-debuginfo=unpacked --cfg 'feature="default"' --check-cfg 'cfg(docsrs,test)' --check-cfg 'cfg(feature, values("default", "hierarchical", "kodama"))' -C metadata=a9145a0b8e512428 -C extra-filename=-a97128c91e1742ac --out-dir /private/var/folders/dt/jq9nqy8x2wd65h22qb9rptjr0000gn/T/cargo-mutants-rank-refine-q9Nsw0.tmp/target/debug/deps -C incremental=/private/var/folders/dt/jq9nqy8x2wd65h22qb9rptjr0000gn/T/cargo-mutants-rank-refine-q9Nsw0.tmp/target/debug/incremental -L dependency=/private/var/folders/dt/jq9nqy8x2wd65h22qb9rptjr0000gn/T/cargo-mutants-rank-refine-q9Nsw0.tmp/target/debug/deps`
       Fresh ciborium-ll v0.2.2
       Fresh rand_chacha v0.9.0
       Fresh ciborium v0.2.2
       Fresh proptest v1.9.0
       Fresh criterion v0.5.1
     Running `rustc --crate-name rank_refine --edition=2021 src/lib.rs --error-format=json --json=diagnostic-rendered-ansi,artifacts,future-incompat --emit=dep-info,link -C embed-bitcode=no -C debuginfo=2 -C split-debuginfo=unpacked --test --cfg 'feature="default"' --check-cfg 'cfg(docsrs,test)' --check-cfg 'cfg(feature, values("default", "hierarchical", "kodama"))' -C metadata=d60e10c1e4de765d -C extra-filename=-66be09a2c0c6ed5c --out-dir /private/var/folders/dt/jq9nqy8x2wd65h22qb9rptjr0000gn/T/cargo-mutants-rank-refine-q9Nsw0.tmp/target/debug/deps -C incremental=/private/var/folders/dt/jq9nqy8x2wd65h22qb9rptjr0000gn/T/cargo-mutants-rank-refine-q9Nsw0.tmp/target/debug/incremental -L dependency=/private/var/folders/dt/jq9nqy8x2wd65h22qb9rptjr0000gn/T/cargo-mutants-rank-refine-q9Nsw0.tmp/target/debug/deps --extern criterion=/private/var/folders/dt/jq9nqy8x2wd65h22qb9rptjr0000gn/T/cargo-mutants-rank-refine-q9Nsw0.tmp/target/debug/deps/libcriterion-a8d57b2e80b47536.rlib --extern proptest=/private/var/folders/dt/jq9nqy8x2wd65h22qb9rptjr0000gn/T/cargo-mutants-rank-refine-q9Nsw0.tmp/target/debug/deps/libproptest-0cbeba200425c4c9.rlib`
     Running `rustc --crate-name integration --edition=2021 tests/integration.rs --error-format=json --json=diagnostic-rendered-ansi,artifacts,future-incompat --emit=dep-info,link -C embed-bitcode=no -C debuginfo=2 -C split-debuginfo=unpacked --test --cfg 'feature="default"' --check-cfg 'cfg(docsrs,test)' --check-cfg 'cfg(feature, values("default", "hierarchical", "kodama"))' -C metadata=a03cf60aa831c0ef -C extra-filename=-29047e3116c2525f --out-dir /private/var/folders/dt/jq9nqy8x2wd65h22qb9rptjr0000gn/T/cargo-mutants-rank-refine-q9Nsw0.tmp/target/debug/deps -C incremental=/private/var/folders/dt/jq9nqy8x2wd65h22qb9rptjr0000gn/T/cargo-mutants-rank-refine-q9Nsw0.tmp/target/debug/incremental -L dependency=/private/var/folders/dt/jq9nqy8x2wd65h22qb9rptjr0000gn/T/cargo-mutants-rank-refine-q9Nsw0.tmp/target/debug/deps --extern criterion=/private/var/folders/dt/jq9nqy8x2wd65h22qb9rptjr0000gn/T/cargo-mutants-rank-refine-q9Nsw0.tmp/target/debug/deps/libcriterion-a8d57b2e80b47536.rlib --extern proptest=/private/var/folders/dt/jq9nqy8x2wd65h22qb9rptjr0000gn/T/cargo-mutants-rank-refine-q9Nsw0.tmp/target/debug/deps/libproptest-0cbeba200425c4c9.rlib --extern rank_refine=/private/var/folders/dt/jq9nqy8x2wd65h22qb9rptjr0000gn/T/cargo-mutants-rank-refine-q9Nsw0.tmp/target/debug/deps/librank_refine-a97128c91e1742ac.rlib`
    Finished `test` profile [unoptimized + debuginfo] target(s) in 0.51s
  Executable `/private/var/folders/dt/jq9nqy8x2wd65h22qb9rptjr0000gn/T/cargo-mutants-rank-refine-q9Nsw0.tmp/target/debug/deps/rank_refine-66be09a2c0c6ed5c`
  Executable `/private/var/folders/dt/jq9nqy8x2wd65h22qb9rptjr0000gn/T/cargo-mutants-rank-refine-q9Nsw0.tmp/target/debug/deps/integration-29047e3116c2525f`

*** result: Success

*** /opt/homebrew/bin/cargo test --verbose --package=rank-refine@0.7.9
       Fresh unicode-ident v1.0.22
       Fresh cfg-if v1.0.4
       Fresh autocfg v1.5.0
       Fresh either v1.15.0
       Fresh once_cell v1.21.3
       Fresh regex-syntax v0.8.8
       Fresh proc-macro2 v1.0.103
       Fresh bitflags v2.10.0
       Fresh clap_lex v0.7.6
       Fresh itoa v1.0.15
       Fresh memchr v2.7.6
       Fresh plotters-backend v0.3.7
       Fresh quote v1.0.42
       Fresh libc v0.2.177
       Fresh serde_core v1.0.228
       Fresh crossbeam-utils v0.8.21
       Fresh ciborium-io v0.2.2
       Fresh ryu v1.0.20
       Fresh anstyle v1.0.13
       Fresh fastrand v2.3.0
       Fresh plotters-svg v0.3.7
       Fresh regex-automata v0.4.13
       Fresh itertools v0.10.5
       Fresh quick-error v1.2.3
       Fresh same-file v1.0.6
       Fresh bit-vec v0.8.0
       Fresh cast v0.3.0
       Fresh fnv v1.0.7
       Fresh syn v2.0.111
       Fresh getrandom v0.3.4
       Fresh crossbeam-epoch v0.9.18
       Fresh errno v0.3.14
       Fresh num-traits v0.2.19
       Fresh serde_json v1.0.145
       Fresh clap_builder v4.5.53
       Fresh wait-timeout v0.2.1
       Fresh bit-set v0.8.0
       Fresh criterion-plot v0.5.0
       Fresh walkdir v2.5.0
       Fresh regex v1.12.2
       Fresh is-terminal v0.4.17
       Fresh oorandom v11.1.5
       Fresh anes v0.1.6
       Fresh unarray v0.1.4
       Fresh zerocopy-derive v0.8.30
       Fresh serde_derive v1.0.228
       Fresh rand_core v0.9.3
       Fresh crossbeam-deque v0.8.6
       Fresh rustix v1.1.2
       Fresh plotters v0.3.7
       Fresh clap v4.5.53
       Fresh zerocopy v0.8.30
       Fresh serde v1.0.228
       Fresh tempfile v3.23.0
       Fresh rayon-core v1.13.0
       Fresh rand v0.9.2
       Fresh rand_xorshift v0.4.0
       Fresh half v2.7.1
       Fresh ppv-lite86 v0.2.21
       Fresh rusty-fork v0.3.1
       Fresh rayon v1.11.0
       Fresh tinytemplate v1.2.1
       Fresh ciborium-ll v0.2.2
       Fresh rand_chacha v0.9.0
       Fresh ciborium v0.2.2
       Fresh proptest v1.9.0
       Fresh criterion v0.5.1
       Fresh rank-refine v0.7.9 (/private/var/folders/dt/jq9nqy8x2wd65h22qb9rptjr0000gn/T/cargo-mutants-rank-refine-q9Nsw0.tmp)
    Finished `test` profile [unoptimized + debuginfo] target(s) in 0.04s
     Running `/private/var/folders/dt/jq9nqy8x2wd65h22qb9rptjr0000gn/T/cargo-mutants-rank-refine-q9Nsw0.tmp/target/debug/deps/rank_refine-66be09a2c0c6ed5c`

running 124 tests
test colbert::proptests::maxsim_not_commutative ... ok
test colbert::proptests::protected_tokens_preserved ... ok
test colbert::proptests::adaptive_uses_sequential_for_high_factors ... ok
test colbert::proptests::empty_tokens_all_methods ... ok
test colbert::proptests::more_doc_tokens_higher_score ... ok
test colbert::proptests::maxsim_pooled_finite ... ok
test colbert::proptests::pool_factor_one_identity ... ok
test colbert::proptests::sequential_pool_exact_count ... ok
test colbert::proptests::rank_sorted_descending ... ok
test colbert::tests::test_maxsim_with_pooled_tokens ... ok
test colbert::tests::test_pool_tokens_adaptive_empty ... ok
test colbert::proptests::single_token_unchanged ... ok
test colbert::proptests::refine_output_bounded ... ok
test colbert::tests::test_nan_score_handling ... ok
test colbert::proptests::refine_alpha_one_preserves_order ... ok
test colbert::proptests::pooling_idempotent_at_target ... ok
test colbert::tests::test_pool_tokens_adaptive_factor_one ... ok
test colbert::tests::test_pool_tokens_adaptive_high_factor ... ok
test colbert::tests::test_pool_tokens_adaptive_low_factor ... ok
test colbert::tests::test_pool_tokens_empty ... ok
test colbert::tests::test_pool_tokens_factor_one ... ok
test colbert::tests::test_pool_tokens_reduces_count ... ok
test colbert::proptests::rank_preserves_doc_count ... ok
test colbert::proptests::sequential_pool_preserves_dimension ... ok
test colbert::tests::test_pool_tokens_sequential ... ok
test colbert::tests::test_pool_tokens_with_protected ... ok
test colbert::tests::test_rank ... ok
test colbert::tests::test_rank_empty_docs ... ok
test colbert::tests::test_rank_empty_query ... ok
test colbert::tests::test_rank_with_top_k ... ok
test colbert::tests::test_pooling_methods_produce_same_dimensions ... ok
test colbert::proptests::pool_preserves_dimension ... ok
test colbert::tests::test_refine ... ok
test colbert::tests::test_refine_with_config_top_k ... ok
test colbert::tests::test_refine_missing_doc ... ok
test crossencoder::tests::test_nan_score_handling ... ok
test crossencoder::tests::test_refine ... ok
test crossencoder::tests::test_refine_empty ... ok
test crossencoder::tests::test_refine_single_candidate ... ok
test crossencoder::proptests::refine_preserves_count ... ok
test crossencoder::proptests::rerank_preserves_count ... ok
test crossencoder::proptests::refine_scores_bounded ... ok
test crossencoder::proptests::alpha_one_preserves_original_order ... ok
test crossencoder::tests::test_rerank_empty ... ok
test crossencoder::tests::test_rerank ... ok
test matryoshka::proptests::alpha_one_preserves_order ... FAILED
test colbert::proptests::pool_maintains_score_quality ... ok
test colbert::proptests::adaptive_uses_clustering_for_low_factors ... ok
test colbert::proptests::duplicate_tokens_cluster ... ok
test matryoshka::proptests::short_docs_filtered ... FAILED
test matryoshka::proptests::smaller_head_uses_more_dims ... FAILED
test matryoshka::tests::test_head_dims_too_large - should panic ... ok
test matryoshka::tests::test_nan_score_handling ... FAILED
test matryoshka::tests::test_missing_candidate ... FAILED
test matryoshka::tests::test_refinement ... FAILED
test matryoshka::tests::test_refinement_with_alpha ... FAILED
test matryoshka::tests::test_short_doc_embedding ... FAILED
test matryoshka::tests::test_top_k ... FAILED
test matryoshka::tests::test_try_refine_error ... ok
test matryoshka::proptests::results_sorted_descending ... ok
test matryoshka::proptests::config_top_k_limits_output ... ok
test scoring::proptests::late_interaction_nonnegative ... ok
test matryoshka::proptests::alpha_interpolation ... ok
test scoring::proptests::blend_is_linear ... ok
test scoring::proptests::normalize_preserves_order ... ok
test matryoshka::proptests::output_bounded_by_candidates ... ok
test scoring::proptests::blend_alpha_one ... ok
test scoring::proptests::normalize_bounded ... ok
test scoring::proptests::blend_alpha_zero ... ok
test matryoshka::proptests::try_refine_validates_head_dims ... ok
test scoring::proptests::pooler_empty_input ... ok
test scoring::proptests::scorer_cosine_bounded_normalized ... ok
test scoring::proptests::scorer_rank_preserves_count ... ok
test scoring::proptests::pooler_factor_one_identity ... ok
test scoring::tests::test_blend ... ok
test scoring::proptests::scorer_rank_is_sorted ... ok
test scoring::tests::test_dense_dot ... ok
test scoring::tests::test_late_interaction_maxsim ... ok
test scoring::tests::test_normalize_scores ... ok
test scoring::tests::test_normalize_scores_empty ... ok
test scoring::tests::test_token_scorer_rank_vecs ... ok
test scoring::tests::test_dense_cosine ... ok
test scoring::tests::test_dense_rank ... ok
test scoring::tests::test_normalize_scores_equal ... ok
test scoring::tests::test_token_scorer_score_vecs ... ok
test scoring::proptests::late_interaction_empty_doc ... ok
test scoring::proptests::token_scorer_rank_is_sorted ... ok
test scoring::proptests::token_scorer_rank_preserves_count ... ok
test simd::proptests::cosine_self_is_one ... ok
test simd::proptests::dot_bilinear ... ok
test simd::proptests::maxsim_cosine_bounded_by_query_count ... ok
test simd::proptests::dot_self_is_squared_norm ... ok
test colbert::proptests::pool_preserves_vector_mass ... ok
test simd::proptests::cauchy_schwarz ... ok
test simd::proptests::cosine_bounded ... ok
test simd::proptests::maxsim_empty_returns_zero ... ok
test simd::tests::test_cosine_basic ... ok
test simd::tests::test_cosine_zero_norm ... ok
test simd::tests::test_dot_basic ... ok
test simd::tests::test_dot_empty ... ok
test simd::tests::test_dot_mismatched_lengths ... ok
test simd::tests::test_dot_simd_vs_portable ... ok
test simd::tests::test_maxsim_basic ... ok
test simd::tests::test_maxsim_cosine_basic ... ok
test simd::tests::test_maxsim_cosine_empty_doc ... ok
test simd::tests::test_maxsim_cosine_vecs ... ok
test simd::tests::test_maxsim_empty_doc ... ok
test colbert::proptests::pool_reduces_count ... ok
test simd::tests::test_maxsim_empty_query ... ok
test simd::tests::test_maxsim_vecs ... ok
test simd::proptests::cosine_commutative ... ok
test scoring::proptests::scorer_dot_commutative ... ok
test simd::proptests::maxsim_scales_with_query_count ... ok
test scoring::proptests::scorer_cosine_commutative ... ok
test simd::proptests::norm_scaling ... ok
test crossencoder::proptests::rerank_sorted_descending ... ok
test simd::proptests::norm_nonnegative ... ok
test scoring::proptests::pooler_never_increases_count ... ok
test simd::proptests::maxsim_nonnegative_inputs ... ok
test simd::proptests::dot_commutative ... ok
test colbert::proptests::pooling_never_increases_count ... ok
test scoring::proptests::pooler_preserves_dimension ... ok
test simd::proptests::dot_simd_matches_portable ... ok
test colbert::proptests::all_pooling_methods_preserve_dim ... ok

failures:

---- matryoshka::proptests::alpha_one_preserves_order stdout ----

thread 'matryoshka::proptests::alpha_one_preserves_order' (12455860) panicked at src/matryoshka.rs:272:5:
Test failed: assertion failed: `(left == right)` 
  left: `0`,
 right: `3` at src/matryoshka.rs:304.
minimal failing input: dim = 4
	successes: 0
	local rejects: 0
	global rejects: 0

note: run with `RUST_BACKTRACE=1` environment variable to display a backtrace

---- matryoshka::proptests::short_docs_filtered stdout ----

thread 'matryoshka::proptests::short_docs_filtered' (12455866) panicked at src/matryoshka.rs:136:36:
range start index 7 out of range for slice of length 6

thread 'matryoshka::proptests::short_docs_filtered' (12455866) panicked at src/matryoshka.rs:136:36:
range start index 5 out of range for slice of length 4

thread 'matryoshka::proptests::short_docs_filtered' (12455866) panicked at src/matryoshka.rs:136:36:
range start index 4 out of range for slice of length 3

thread 'matryoshka::proptests::short_docs_filtered' (12455866) panicked at src/matryoshka.rs:136:36:
range start index 4 out of range for slice of length 3

thread 'matryoshka::proptests::short_docs_filtered' (12455866) panicked at src/matryoshka.rs:272:5:
Test failed: range start index 4 out of range for slice of length 3.
minimal failing input: dim = 8
	successes: 0
	local rejects: 0
	global rejects: 0


---- matryoshka::proptests::smaller_head_uses_more_dims stdout ----

thread 'matryoshka::proptests::smaller_head_uses_more_dims' (12455867) panicked at src/matryoshka.rs:384:38:
index out of bounds: the len is 0 but the index is 0

thread 'matryoshka::proptests::smaller_head_uses_more_dims' (12455867) panicked at src/matryoshka.rs:384:38:
index out of bounds: the len is 0 but the index is 0

thread 'matryoshka::proptests::smaller_head_uses_more_dims' (12455867) panicked at src/matryoshka.rs:384:38:
index out of bounds: the len is 0 but the index is 0

thread 'matryoshka::proptests::smaller_head_uses_more_dims' (12455867) panicked at src/matryoshka.rs:384:38:
index out of bounds: the len is 0 but the index is 0

thread 'matryoshka::proptests::smaller_head_uses_more_dims' (12455867) panicked at src/matryoshka.rs:384:38:
index out of bounds: the len is 0 but the index is 0

thread 'matryoshka::proptests::smaller_head_uses_more_dims' (12455867) panicked at src/matryoshka.rs:272:5:
Test failed: index out of bounds: the len is 0 but the index is 0.
minimal failing input: dim = 16
	successes: 0
	local rejects: 0
	global rejects: 0


---- matryoshka::tests::test_nan_score_handling stdout ----

thread 'matryoshka::tests::test_nan_score_handling' (12455871) panicked at src/matryoshka.rs:241:9:
assertion `left == right` failed
  left: 0
 right: 3

---- matryoshka::tests::test_missing_candidate stdout ----

thread 'matryoshka::tests::test_missing_candidate' (12455870) panicked at src/matryoshka.rs:206:9:
assertion `left == right` failed
  left: 0
 right: 1

---- matryoshka::tests::test_refinement stdout ----

thread 'matryoshka::tests::test_refinement' (12455872) panicked at src/matryoshka.rs:170:27:
index out of bounds: the len is 0 but the index is 0

---- matryoshka::tests::test_refinement_with_alpha stdout ----

thread 'matryoshka::tests::test_refinement_with_alpha' (12455873) panicked at src/matryoshka.rs:183:27:
index out of bounds: the len is 0 but the index is 0

---- matryoshka::tests::test_short_doc_embedding stdout ----

thread 'matryoshka::tests::test_short_doc_embedding' (12455874) panicked at src/matryoshka.rs:136:36:
range start index 2 out of range for slice of length 1

---- matryoshka::tests::test_top_k stdout ----

thread 'matryoshka::tests::test_top_k' (12455875) panicked at src/matryoshka.rs:263:9:
assertion `left == right` failed
  left: 0
 right: 2


failures:
    matryoshka::proptests::alpha_one_preserves_order
    matryoshka::proptests::short_docs_filtered
    matryoshka::proptests::smaller_head_uses_more_dims
    matryoshka::tests::test_missing_candidate
    matryoshka::tests::test_nan_score_handling
    matryoshka::tests::test_refinement
    matryoshka::tests::test_refinement_with_alpha
    matryoshka::tests::test_short_doc_embedding
    matryoshka::tests::test_top_k

test result: FAILED. 115 passed; 9 failed; 0 ignored; 0 measured; 0 filtered out; finished in 0.48s

error: test failed, to rerun pass `-p rank-refine --lib`

*** result: Failure(101)
